Build started 13/04/2016 09:25:26.
     1>Project "C:\Users\Computing\Documents\JakePL2\NewPL\OpenCL Tutorials\Tutorial 3\Tutorial 3.vcxproj" on node 2 (Build target(s)).
     1>ClCompile:
         C:\Program Files (x86)\Microsoft Visual Studio 14.0\VC\bin\x86_amd64\CL.exe /c /I"C:\Program Files (x86)\Intel\OpenCL SDK\5.3\include" /Zi /nologo /W3 /WX- /O2 /GL /D __x86_64 /D NDEBUG /D _CONSOLE /D _UNICODE /D UNICODE /Gm /EHsc /MD /GS /fp:precise /Zc:wchar_t /Zc:forScope /Zc:inline /Fo"x64\Release\\" /Fd"x64\Release\vc140.pdb" /Gd /TP /errorReport:prompt CPUcode.cpp
         CPUcode.cpp
     1>CPUcode.cpp(246): warning C4244: 'initializing': conversion from 'int' to 'float', possible loss of data
     1>CPUcode.cpp(260): warning C4244: 'argument': conversion from 'float' to 'int', possible loss of data
     1>CPUcode.cpp(264): warning C4244: '=': conversion from 'int' to 'float', possible loss of data
     1>CPUcode.cpp(266): warning C4244: 'initializing': conversion from 'float' to 'int', possible loss of data
       Link:
         C:\Program Files (x86)\Microsoft Visual Studio 14.0\VC\bin\x86_amd64\link.exe /ERRORREPORT:PROMPT /OUT:"C:\Users\Computing\Documents\JakePL2\NewPL\OpenCL Tutorials\x64\Release\Parallel Assignment.exe" /INCREMENTAL:NO /NOLOGO /LIBPATH:"C:\Program Files (x86)\Intel\OpenCL SDK\5.3\lib\x64" OpenCL.lib kernel32.lib user32.lib gdi32.lib winspool.lib comdlg32.lib advapi32.lib shell32.lib ole32.lib oleaut32.lib uuid.lib odbc32.lib odbccp32.lib /MANIFEST /MANIFESTUAC:"level='asInvoker' uiAccess='false'" /manifest:embed /Debug /PDB:"C:\Users\Computing\Documents\JakePL2\NewPL\OpenCL Tutorials\x64\Release\Parallel Assignment.pdb" /OPT:REF /OPT:ICF /LTCG:incremental /TLBID:1 /DYNAMICBASE /NXCOMPAT /IMPLIB:"C:\Users\Computing\Documents\JakePL2\NewPL\OpenCL Tutorials\x64\Release\Parallel Assignment.lib" /MACHINE:X64 x64\Release\CPUcode.obj
         Generating code
         All 795 functions were compiled because no usable IPDB/IOBJ from previous compilation was found.
         Finished generating code
         Tutorial 3.vcxproj -> C:\Users\Computing\Documents\JakePL2\NewPL\OpenCL Tutorials\x64\Release\Parallel Assignment.exe
       PostBuildEvent:
         If exist "*.cl" copy "*.cl" "C:\Users\Computing\Documents\JakePL2\NewPL\OpenCL Tutorials\x64\Release\\"
         :VCEnd
         gpuCode.cl
                 1 file(s) copied.
     1>Done Building Project "C:\Users\Computing\Documents\JakePL2\NewPL\OpenCL Tutorials\Tutorial 3\Tutorial 3.vcxproj" (Build target(s)).

Build succeeded.

Time Elapsed 00:00:02.20
